  stdafx.cpp
  학점관리포털.cpp
f:\20171221\학점관리포털\학점관리포털\object.h(134): warning C4244: '+=': 'long'에서 'INT8'(으)로 변환하면서 데이터가 손실될 수 있습니다.
f:\20171221\학점관리포털\학점관리포털\object.h(135): warning C4244: '+=': 'long'에서 'INT8'(으)로 변환하면서 데이터가 손실될 수 있습니다.
f:\20171221\학점관리포털\학점관리포털\object.h(136): warning C4244: '+=': 'long'에서 'INT8'(으)로 변환하면서 데이터가 손실될 수 있습니다.
f:\20171221\학점관리포털\학점관리포털\textobject.h(99): warning C4244: '+=': 'long'에서 'INT8'(으)로 변환하면서 데이터가 손실될 수 있습니다.
f:\20171221\학점관리포털\학점관리포털\textobject.h(100): warning C4244: '+=': 'long'에서 'INT8'(으)로 변환하면서 데이터가 손실될 수 있습니다.
f:\20171221\학점관리포털\학점관리포털\textobject.h(101): warning C4244: '+=': 'long'에서 'INT8'(으)로 변환하면서 데이터가 손실될 수 있습니다.
f:\20171221\학점관리포털\학점관리포털\frame.h(9): warning C4067: 전처리기 지시문 다음에 예기치 않은 토큰이 있습니다. 줄 바꿈 문자가 필요합니다.
f:\20171221\학점관리포털\학점관리포털\portalsystem1.h(51): warning C4018: '<': signed 또는 unsigned가 일치하지 않습니다.
f:\20171221\학점관리포털\학점관리포털\portalsystem2.h(13): warning C4804: '<': 연산에 'bool' 형식을 사용하는 것은 안전하지 않습니다.
f:\20171221\학점관리포털\학점관리포털\frame.h(99): warning C4244: '초기화 중': 'long'에서 'short'(으)로 변환하면서 데이터가 손실될 수 있습니다.
f:\20171221\학점관리포털\학점관리포털\frame.h(101): warning C4244: '초기화 중': 'long'에서 'short'(으)로 변환하면서 데이터가 손실될 수 있습니다.
f:\20171221\학점관리포털\학점관리포털\frame.h(102): warning C4244: '초기화 중': 'long'에서 'short'(으)로 변환하면서 데이터가 손실될 수 있습니다.
f:\20171221\학점관리포털\학점관리포털\frame.h(103): warning C4244: '초기화 중': 'long'에서 'short'(으)로 변환하면서 데이터가 손실될 수 있습니다.
f:\20171221\학점관리포털\학점관리포털\frame.h(115): warning C4267: '인수': 'size_t'에서 'short'(으)로 변환하면서 데이터가 손실될 수 있습니다.
f:\20171221\학점관리포털\학점관리포털\frame.h(158): warning C4244: '초기화 중': 'long'에서 'short'(으)로 변환하면서 데이터가 손실될 수 있습니다.
f:\20171221\학점관리포털\학점관리포털\frame.h(160): warning C4244: '초기화 중': 'long'에서 'short'(으)로 변환하면서 데이터가 손실될 수 있습니다.
f:\20171221\학점관리포털\학점관리포털\frame.h(161): warning C4244: '초기화 중': 'long'에서 'short'(으)로 변환하면서 데이터가 손실될 수 있습니다.
f:\20171221\학점관리포털\학점관리포털\frame.h(162): warning C4244: '초기화 중': 'long'에서 'short'(으)로 변환하면서 데이터가 손실될 수 있습니다.
f:\20171221\학점관리포털\학점관리포털\frame.h(166): warning C4267: '인수': 'size_t'에서 'short'(으)로 변환하면서 데이터가 손실될 수 있습니다.
f:\20171221\학점관리포털\학점관리포털\frame.h(192): warning C4244: '초기화 중': 'long'에서 'short'(으)로 변환하면서 데이터가 손실될 수 있습니다.
f:\20171221\학점관리포털\학점관리포털\frame.h(193): warning C4244: '초기화 중': 'long'에서 'short'(으)로 변환하면서 데이터가 손실될 수 있습니다.
f:\20171221\학점관리포털\학점관리포털\mainframe.h(19): warning C4309: '인수': 상수 값이 잘립니다.
f:\20171221\학점관리포털\학점관리포털\mainframe.h(19): warning C4267: '인수': 'size_t'에서 'short'(으)로 변환하면서 데이터가 손실될 수 있습니다.
f:\20171221\학점관리포털\학점관리포털\mainframe.h(21): warning C4309: '인수': 상수 값이 잘립니다.
f:\20171221\학점관리포털\학점관리포털\mainframe.h(21): warning C4267: '인수': 'size_t'에서 'short'(으)로 변환하면서 데이터가 손실될 수 있습니다.
f:\20171221\학점관리포털\학점관리포털\mainframe.h(23): warning C4309: '인수': 상수 값이 잘립니다.
f:\20171221\학점관리포털\학점관리포털\mainframe.h(23): warning C4267: '인수': 'size_t'에서 'short'(으)로 변환하면서 데이터가 손실될 수 있습니다.
f:\20171221\학점관리포털\학점관리포털\mainframe.h(25): warning C4309: '인수': 상수 값이 잘립니다.
f:\20171221\학점관리포털\학점관리포털\mainframe.h(25): warning C4267: '인수': 'size_t'에서 'short'(으)로 변환하면서 데이터가 손실될 수 있습니다.
f:\20171221\학점관리포털\학점관리포털\mainframe.h(27): warning C4309: '인수': 상수 값이 잘립니다.
f:\20171221\학점관리포털\학점관리포털\mainframe.h(27): warning C4267: '인수': 'size_t'에서 'short'(으)로 변환하면서 데이터가 손실될 수 있습니다.
f:\20171221\학점관리포털\학점관리포털\mainframe.h(30): warning C4309: '인수': 상수 값이 잘립니다.
f:\20171221\학점관리포털\학점관리포털\mainframe.h(32): warning C4309: '인수': 상수 값이 잘립니다.
f:\20171221\학점관리포털\학점관리포털\mainframe.h(34): warning C4309: '인수': 상수 값이 잘립니다.
f:\20171221\학점관리포털\학점관리포털\mainframe.h(36): warning C4309: '인수': 상수 값이 잘립니다.
f:\20171221\학점관리포털\학점관리포털\mainframe.h(38): warning C4309: '인수': 상수 값이 잘립니다.
f:\20171221\학점관리포털\학점관리포털\mainframe.h(40): warning C4309: '인수': 상수 값이 잘립니다.
f:\20171221\학점관리포털\학점관리포털\mainframe.h(42): warning C4309: '인수': 상수 값이 잘립니다.
f:\20171221\학점관리포털\학점관리포털\mainframe.h(44): warning C4309: '인수': 상수 값이 잘립니다.
f:\20171221\학점관리포털\학점관리포털\mainframe.h(46): warning C4309: '인수': 상수 값이 잘립니다.
f:\20171221\학점관리포털\학점관리포털\mainframe.h(48): warning C4309: '인수': 상수 값이 잘립니다.
f:\20171221\학점관리포털\학점관리포털\mainframe.h(50): warning C4309: '인수': 상수 값이 잘립니다.
f:\20171221\학점관리포털\학점관리포털\mainframe.h(52): warning C4309: '인수': 상수 값이 잘립니다.
f:\20171221\학점관리포털\학점관리포털\mainframe.h(54): warning C4309: '인수': 상수 값이 잘립니다.
f:\20171221\학점관리포털\학점관리포털\mainframe.h(54): warning C4267: '인수': 'size_t'에서 'short'(으)로 변환하면서 데이터가 손실될 수 있습니다.
f:\20171221\학점관리포털\학점관리포털\mainframe.h(56): warning C4309: '인수': 상수 값이 잘립니다.
f:\20171221\학점관리포털\학점관리포털\mainframe.h(56): warning C4267: '인수': 'size_t'에서 'short'(으)로 변환하면서 데이터가 손실될 수 있습니다.
f:\20171221\학점관리포털\학점관리포털\mainframe.h(59): warning C4309: '인수': 상수 값이 잘립니다.
f:\20171221\학점관리포털\학점관리포털\mainframe.h(59): warning C4267: '인수': 'size_t'에서 'short'(으)로 변환하면서 데이터가 손실될 수 있습니다.
f:\20171221\학점관리포털\학점관리포털\mainframe.h(61): warning C4309: '인수': 상수 값이 잘립니다.
f:\20171221\학점관리포털\학점관리포털\mainframe.h(63): warning C4309: '인수': 상수 값이 잘립니다.
f:\20171221\학점관리포털\학점관리포털\mainframe.h(63): warning C4267: '인수': 'size_t'에서 'short'(으)로 변환하면서 데이터가 손실될 수 있습니다.
f:\20171221\학점관리포털\학점관리포털\mainframe.h(65): warning C4309: '인수': 상수 값이 잘립니다.
f:\20171221\학점관리포털\학점관리포털\mainframe.h(67): warning C4309: '인수': 상수 값이 잘립니다.
f:\20171221\학점관리포털\학점관리포털\mainframe.h(67): warning C4267: '인수': 'size_t'에서 'short'(으)로 변환하면서 데이터가 손실될 수 있습니다.
f:\20171221\학점관리포털\학점관리포털\mainframe.h(69): warning C4309: '인수': 상수 값이 잘립니다.
f:\20171221\학점관리포털\학점관리포털\mainframe.h(71): warning C4309: '인수': 상수 값이 잘립니다.
f:\20171221\학점관리포털\학점관리포털\mainframe.h(71): warning C4267: '인수': 'size_t'에서 'short'(으)로 변환하면서 데이터가 손실될 수 있습니다.
f:\20171221\학점관리포털\학점관리포털\mainframe.h(73): warning C4309: '인수': 상수 값이 잘립니다.
f:\20171221\학점관리포털\학점관리포털\mainframe.h(156): warning C4267: '=': 'size_t'에서 'short'(으)로 변환하면서 데이터가 손실될 수 있습니다.
f:\20171221\학점관리포털\학점관리포털\mainframe.h(161): warning C4267: '=': 'size_t'에서 'short'(으)로 변환하면서 데이터가 손실될 수 있습니다.
f:\20171221\학점관리포털\학점관리포털\inputframe.h(19): warning C4309: '인수': 상수 값이 잘립니다.
f:\20171221\학점관리포털\학점관리포털\inputframe.h(19): warning C4267: '인수': 'size_t'에서 'short'(으)로 변환하면서 데이터가 손실될 수 있습니다.
f:\20171221\학점관리포털\학점관리포털\inputframe.h(21): warning C4309: '인수': 상수 값이 잘립니다.
f:\20171221\학점관리포털\학점관리포털\inputframe.h(21): warning C4267: '인수': 'size_t'에서 'short'(으)로 변환하면서 데이터가 손실될 수 있습니다.
f:\20171221\학점관리포털\학점관리포털\inputframe.h(23): warning C4309: '인수': 상수 값이 잘립니다.
f:\20171221\학점관리포털\학점관리포털\inputframe.h(23): warning C4267: '인수': 'size_t'에서 'short'(으)로 변환하면서 데이터가 손실될 수 있습니다.
f:\20171221\학점관리포털\학점관리포털\inputframe.h(25): warning C4309: '인수': 상수 값이 잘립니다.
f:\20171221\학점관리포털\학점관리포털\inputframe.h(25): warning C4267: '인수': 'size_t'에서 'short'(으)로 변환하면서 데이터가 손실될 수 있습니다.
f:\20171221\학점관리포털\학점관리포털\inputframe.h(27): warning C4309: '인수': 상수 값이 잘립니다.
f:\20171221\학점관리포털\학점관리포털\inputframe.h(27): warning C4267: '인수': 'size_t'에서 'short'(으)로 변환하면서 데이터가 손실될 수 있습니다.
f:\20171221\학점관리포털\학점관리포털\inputframe.h(30): warning C4309: '인수': 상수 값이 잘립니다.
f:\20171221\학점관리포털\학점관리포털\inputframe.h(30): warning C4267: '인수': 'size_t'에서 'short'(으)로 변환하면서 데이터가 손실될 수 있습니다.
f:\20171221\학점관리포털\학점관리포털\inputframe.h(32): warning C4309: '인수': 상수 값이 잘립니다.
f:\20171221\학점관리포털\학점관리포털\inputframe.h(32): warning C4267: '인수': 'size_t'에서 'short'(으)로 변환하면서 데이터가 손실될 수 있습니다.
f:\20171221\학점관리포털\학점관리포털\inputframe.h(34): warning C4309: '인수': 상수 값이 잘립니다.
f:\20171221\학점관리포털\학점관리포털\inputframe.h(34): warning C4267: '인수': 'size_t'에서 'short'(으)로 변환하면서 데이터가 손실될 수 있습니다.
f:\20171221\학점관리포털\학점관리포털\inputframe.h(36): warning C4309: '인수': 상수 값이 잘립니다.
f:\20171221\학점관리포털\학점관리포털\inputframe.h(36): warning C4267: '인수': 'size_t'에서 'short'(으)로 변환하면서 데이터가 손실될 수 있습니다.
f:\20171221\학점관리포털\학점관리포털\inputframe.h(38): warning C4309: '인수': 상수 값이 잘립니다.
f:\20171221\학점관리포털\학점관리포털\inputframe.h(38): warning C4267: '인수': 'size_t'에서 'short'(으)로 변환하면서 데이터가 손실될 수 있습니다.
f:\20171221\학점관리포털\학점관리포털\inputframe.h(70): warning C4267: '=': 'size_t'에서 'short'(으)로 변환하면서 데이터가 손실될 수 있습니다.
f:\20171221\학점관리포털\학점관리포털\inputframe.h(79): warning C4267: '=': 'size_t'에서 'short'(으)로 변환하면서 데이터가 손실될 수 있습니다.
f:\20171221\학점관리포털\학점관리포털\inputframe.h(88): warning C4267: '=': 'size_t'에서 'short'(으)로 변환하면서 데이터가 손실될 수 있습니다.
f:\20171221\학점관리포털\학점관리포털\inputframe.h(138): warning C4267: '=': 'size_t'에서 'short'(으)로 변환하면서 데이터가 손실될 수 있습니다.
f:\20171221\학점관리포털\학점관리포털\inputframe.h(142): warning C4267: '=': 'size_t'에서 'short'(으)로 변환하면서 데이터가 손실될 수 있습니다.
f:\20171221\학점관리포털\학점관리포털\deleteframe.h(20): warning C4309: '인수': 상수 값이 잘립니다.
f:\20171221\학점관리포털\학점관리포털\deleteframe.h(20): warning C4267: '인수': 'size_t'에서 'short'(으)로 변환하면서 데이터가 손실될 수 있습니다.
f:\20171221\학점관리포털\학점관리포털\deleteframe.h(22): warning C4309: '인수': 상수 값이 잘립니다.
f:\20171221\학점관리포털\학점관리포털\deleteframe.h(22): warning C4267: '인수': 'size_t'에서 'short'(으)로 변환하면서 데이터가 손실될 수 있습니다.
f:\20171221\학점관리포털\학점관리포털\deleteframe.h(24): warning C4309: '인수': 상수 값이 잘립니다.
f:\20171221\학점관리포털\학점관리포털\deleteframe.h(24): warning C4267: '인수': 'size_t'에서 'short'(으)로 변환하면서 데이터가 손실될 수 있습니다.
f:\20171221\학점관리포털\학점관리포털\deleteframe.h(26): warning C4309: '인수': 상수 값이 잘립니다.
f:\20171221\학점관리포털\학점관리포털\deleteframe.h(26): warning C4267: '인수': 'size_t'에서 'short'(으)로 변환하면서 데이터가 손실될 수 있습니다.
f:\20171221\학점관리포털\학점관리포털\deleteframe.h(28): warning C4309: '인수': 상수 값이 잘립니다.
f:\20171221\학점관리포털\학점관리포털\deleteframe.h(28): warning C4267: '인수': 'size_t'에서 'short'(으)로 변환하면서 데이터가 손실될 수 있습니다.
f:\20171221\학점관리포털\학점관리포털\deleteframe.h(32): warning C4309: '인수': 상수 값이 잘립니다.
f:\20171221\학점관리포털\학점관리포털\deleteframe.h(32): warning C4267: '인수': 'size_t'에서 'short'(으)로 변환하면서 데이터가 손실될 수 있습니다.
f:\20171221\학점관리포털\학점관리포털\deleteframe.h(34): warning C4309: '인수': 상수 값이 잘립니다.
f:\20171221\학점관리포털\학점관리포털\deleteframe.h(34): warning C4267: '인수': 'size_t'에서 'short'(으)로 변환하면서 데이터가 손실될 수 있습니다.
f:\20171221\학점관리포털\학점관리포털\deleteframe.h(36): warning C4309: '인수': 상수 값이 잘립니다.
f:\20171221\학점관리포털\학점관리포털\deleteframe.h(36): warning C4267: '인수': 'size_t'에서 'short'(으)로 변환하면서 데이터가 손실될 수 있습니다.
f:\20171221\학점관리포털\학점관리포털\deleteframe.h(38): warning C4309: '인수': 상수 값이 잘립니다.
f:\20171221\학점관리포털\학점관리포털\deleteframe.h(38): warning C4267: '인수': 'size_t'에서 'short'(으)로 변환하면서 데이터가 손실될 수 있습니다.
f:\20171221\학점관리포털\학점관리포털\deleteframe.h(40): warning C4309: '인수': 상수 값이 잘립니다.
f:\20171221\학점관리포털\학점관리포털\deleteframe.h(40): warning C4267: '인수': 'size_t'에서 'short'(으)로 변환하면서 데이터가 손실될 수 있습니다.
f:\20171221\학점관리포털\학점관리포털\deleteframe.h(71): warning C4267: '=': 'size_t'에서 'short'(으)로 변환하면서 데이터가 손실될 수 있습니다.
f:\20171221\학점관리포털\학점관리포털\deleteframe.h(80): warning C4267: '=': 'size_t'에서 'short'(으)로 변환하면서 데이터가 손실될 수 있습니다.
f:\20171221\학점관리포털\학점관리포털\deleteframe.h(89): warning C4267: '=': 'size_t'에서 'short'(으)로 변환하면서 데이터가 손실될 수 있습니다.
f:\20171221\학점관리포털\학점관리포털\deleteframe.h(139): warning C4267: '=': 'size_t'에서 'short'(으)로 변환하면서 데이터가 손실될 수 있습니다.
f:\20171221\학점관리포털\학점관리포털\deleteframe.h(143): warning C4267: '=': 'size_t'에서 'short'(으)로 변환하면서 데이터가 손실될 수 있습니다.
f:\20171221\학점관리포털\학점관리포털\reportframe.h(15): warning C4309: '인수': 상수 값이 잘립니다.
f:\20171221\학점관리포털\학점관리포털\reportframe.h(15): warning C4267: '인수': 'size_t'에서 'short'(으)로 변환하면서 데이터가 손실될 수 있습니다.
f:\20171221\학점관리포털\학점관리포털\reportframe.h(17): warning C4309: '인수': 상수 값이 잘립니다.
f:\20171221\학점관리포털\학점관리포털\reportframe.h(17): warning C4267: '인수': 'size_t'에서 'short'(으)로 변환하면서 데이터가 손실될 수 있습니다.
f:\20171221\학점관리포털\학점관리포털\reportframe.h(19): warning C4309: '인수': 상수 값이 잘립니다.
f:\20171221\학점관리포털\학점관리포털\reportframe.h(19): warning C4267: '인수': 'size_t'에서 'short'(으)로 변환하면서 데이터가 손실될 수 있습니다.
f:\20171221\학점관리포털\학점관리포털\reportframe.h(21): warning C4309: '인수': 상수 값이 잘립니다.
f:\20171221\학점관리포털\학점관리포털\reportframe.h(21): warning C4267: '인수': 'size_t'에서 'short'(으)로 변환하면서 데이터가 손실될 수 있습니다.
f:\20171221\학점관리포털\학점관리포털\reportframe.h(23): warning C4309: '인수': 상수 값이 잘립니다.
f:\20171221\학점관리포털\학점관리포털\reportframe.h(23): warning C4267: '인수': 'size_t'에서 'short'(으)로 변환하면서 데이터가 손실될 수 있습니다.
f:\20171221\학점관리포털\학점관리포털\reportframe.h(26): warning C4309: '인수': 상수 값이 잘립니다.
f:\20171221\학점관리포털\학점관리포털\reportframe.h(26): warning C4267: '인수': 'size_t'에서 'short'(으)로 변환하면서 데이터가 손실될 수 있습니다.
f:\20171221\학점관리포털\학점관리포털\reportframe.h(28): warning C4309: '인수': 상수 값이 잘립니다.
f:\20171221\학점관리포털\학점관리포털\reportframe.h(28): warning C4267: '인수': 'size_t'에서 'short'(으)로 변환하면서 데이터가 손실될 수 있습니다.
f:\20171221\학점관리포털\학점관리포털\reportframe.h(83): warning C4267: '=': 'size_t'에서 'short'(으)로 변환하면서 데이터가 손실될 수 있습니다.
f:\20171221\학점관리포털\학점관리포털\reportframe.h(87): warning C4267: '=': 'size_t'에서 'short'(으)로 변환하면서 데이터가 손실될 수 있습니다.
f:\20171221\학점관리포털\학점관리포털\gameframe.h(48): warning C4244: '인수': 'time_t'에서 'unsigned int'(으)로 변환하면서 데이터가 손실될 수 있습니다.
f:\20171221\학점관리포털\학점관리포털\gameframe.h(92): warning C4267: '=': 'size_t'에서 'short'(으)로 변환하면서 데이터가 손실될 수 있습니다.
f:\20171221\학점관리포털\학점관리포털\gameframe.h(103): warning C4267: '=': 'size_t'에서 'short'(으)로 변환하면서 데이터가 손실될 수 있습니다.
f:\20171221\학점관리포털\학점관리포털\gameframe.h(123): warning C4309: '인수': 상수 값이 잘립니다.
f:\20171221\학점관리포털\학점관리포털\gameframe.h(123): warning C4267: '인수': 'size_t'에서 'short'(으)로 변환하면서 데이터가 손실될 수 있습니다.
f:\20171221\학점관리포털\학점관리포털\gameframe.h(125): warning C4309: '인수': 상수 값이 잘립니다.
f:\20171221\학점관리포털\학점관리포털\gameframe.h(125): warning C4267: '인수': 'size_t'에서 'short'(으)로 변환하면서 데이터가 손실될 수 있습니다.
f:\20171221\학점관리포털\학점관리포털\gameframe.h(127): warning C4309: '인수': 상수 값이 잘립니다.
f:\20171221\학점관리포털\학점관리포털\gameframe.h(127): warning C4267: '인수': 'size_t'에서 'short'(으)로 변환하면서 데이터가 손실될 수 있습니다.
f:\20171221\학점관리포털\학점관리포털\gameframe.h(129): warning C4309: '인수': 상수 값이 잘립니다.
f:\20171221\학점관리포털\학점관리포털\gameframe.h(129): warning C4267: '인수': 'size_t'에서 'short'(으)로 변환하면서 데이터가 손실될 수 있습니다.
f:\20171221\학점관리포털\학점관리포털\gameframe.h(131): warning C4309: '인수': 상수 값이 잘립니다.
f:\20171221\학점관리포털\학점관리포털\gameframe.h(131): warning C4267: '인수': 'size_t'에서 'short'(으)로 변환하면서 데이터가 손실될 수 있습니다.
f:\20171221\학점관리포털\학점관리포털\gameframe.h(134): warning C4309: '인수': 상수 값이 잘립니다.
f:\20171221\학점관리포털\학점관리포털\gameframe.h(134): warning C4267: '인수': 'size_t'에서 'short'(으)로 변환하면서 데이터가 손실될 수 있습니다.
f:\20171221\학점관리포털\학점관리포털\gameframe.h(136): warning C4309: '인수': 상수 값이 잘립니다.
f:\20171221\학점관리포털\학점관리포털\gameframe.h(136): warning C4267: '인수': 'size_t'에서 'short'(으)로 변환하면서 데이터가 손실될 수 있습니다.
f:\20171221\학점관리포털\학점관리포털\gameframe.h(138): warning C4309: '인수': 상수 값이 잘립니다.
f:\20171221\학점관리포털\학점관리포털\gameframe.h(138): warning C4267: '인수': 'size_t'에서 'short'(으)로 변환하면서 데이터가 손실될 수 있습니다.
f:\20171221\학점관리포털\학점관리포털\gameframe.h(140): warning C4309: '인수': 상수 값이 잘립니다.
f:\20171221\학점관리포털\학점관리포털\gameframe.h(140): warning C4267: '인수': 'size_t'에서 'short'(으)로 변환하면서 데이터가 손실될 수 있습니다.
f:\20171221\학점관리포털\학점관리포털\gameframe.h(142): warning C4309: '인수': 상수 값이 잘립니다.
f:\20171221\학점관리포털\학점관리포털\gameframe.h(142): warning C4267: '인수': 'size_t'에서 'short'(으)로 변환하면서 데이터가 손실될 수 있습니다.
f:\20171221\학점관리포털\학점관리포털\gameframe.h(144): warning C4309: '인수': 상수 값이 잘립니다.
f:\20171221\학점관리포털\학점관리포털\gameframe.h(144): warning C4267: '인수': 'size_t'에서 'short'(으)로 변환하면서 데이터가 손실될 수 있습니다.
f:\20171221\학점관리포털\학점관리포털\gameframe.h(179): warning C4018: '<': signed 또는 unsigned가 일치하지 않습니다.
f:\20171221\학점관리포털\학점관리포털\memorytool.h(11): warning C4018: '<': signed 또는 unsigned가 일치하지 않습니다.
  f:\20171221\학점관리포털\학점관리포털\subject.h(36): note: 컴파일 중인 함수 템플릿 인스턴스화 'void MemoryTool::copyDeep<char,char,char>(mainT *,targetT *,std::size_t)'에 대한 참조를 확인하십시오.
          with
          [
              mainT=char,
              targetT=char
          ]
f:\20171221\학점관리포털\학점관리포털\file.h(61): warning C4244: '초기화 중': 'std::streamoff'에서 'int'(으)로 변환하면서 데이터가 손실될 수 있습니다.
  f:\20171221\학점관리포털\학점관리포털\file.h(51): note: 클래스 템플릿 멤버 함수 'Array<Subject> File<Subject>::read(void)'을(를) 컴파일하고 있습니다.
  f:\20171221\학점관리포털\학점관리포털\portalsystem1.h(29): note: 컴파일 중인 함수 템플릿 인스턴스화 'Array<Subject> File<Subject>::read(void)'에 대한 참조를 확인하십시오.
  f:\20171221\학점관리포털\학점관리포털\portalsystem1.h(23): note: 컴파일 중인 클래스 템플릿 인스턴스화 'File<Subject>'에 대한 참조를 확인하십시오.
  학점관리포털.vcxproj -> F:\20171221\학점관리포털\Debug\학점관리포털.exe
  학점관리포털.vcxproj -> F:\20171221\학점관리포털\Debug\학점관리포털.pdb (Full PDB)
